big-frantst10.in
M: 1947, N: 1306
El resultado es 167611.
Tardó: 0.30

big-frantst11.in
M: 4694, N: 3313
El resultado es 1023334.
Tardó: 1.77

big-frantst12.in
M: 1006, N: 2771
El resultado es 184699.
Tardó: 0.32

big-frantst13.in
M: 4690, N: 429
El resultado es 134025.
Tardó: 0.23

big-frantst14.in
M: 3378, N: 4050
El resultado es 900849.
Tardó: 1.61

big-frantst15.in
M: 929, N: 4725
El resultado es 288631.
Tardó: 0.51

big-frantst16.in
M: 272, N: 1089
El resultado es 19849.
Tardó: 0.04

big-frantst17.in
M: 1142, N: 3361
El resultado es 253044.
Tardó: 0.46

big-frantst18.in
M: 2951, N: 2245
El resultado es 435683.
Tardó: 0.76

big-frantst19.in
M: 1128, N: 396
El resultado es 29205.
Tardó: 0.05

big-frantst1.in
M: 1419, N: 377
El resultado es 36049.
Tardó: 0.07

big-frantst20.in
M: 1312, N: 4454
El resultado es 385534.
Tardó: 0.68

big-frantst2.in
M: 2437, N: 1285
El resultado es 207162.
Tardó: 0.36

big-frantst3.in
M: 3935, N: 938
El resultado es 244342.
Tardó: 0.44

big-frantst4.in
M: 3903, N: 1663
El resultado es 427408.
Tardó: 0.73

big-frantst5.in
M: 4196, N: 134
El resultado es 37707.
Tardó: 0.07

big-frantst6.in
M: 2032, N: 1713
El resultado es 229833.
Tardó: 0.40

big-frantst7.in
M: 4165, N: 4556
El resultado es 1249500.
Tardó: 2.13

big-frantst8.in
M: 4166, N: 3314
El resultado es 909669.
Tardó: 1.54

big-frantst9.in
M: 4840, N: 1823
El resultado es 582011.
Tardó: 1.04

enunciado-1.in
M: 4, N: 10
El resultado es 3.
Tardó: 0.00

frantst10.in
M: 89, N: 28
El resultado es 191.
Tardó: 0.00

frantst11.in
M: 5, N: 43
El resultado es 29.
Tardó: 0.00

frantst12.in
M: 4, N: 37
El resultado es 17.
Tardó: 0.00

frantst13.in
M: 91, N: 92
El resultado es 619.
Tardó: 0.00

frantst14.in
M: 23, N: 59
El resultado es 114.
Tardó: 0.00

frantst15.in
M: 13, N: 16
El resultado es 27.
Tardó: 0.00

frantst16.in
M: 79, N: 82
El resultado es 449.
Tardó: 0.00

frantst17.in
M: 99, N: 46
El resultado es 326.
Tardó: 0.00

frantst18.in
M: 85, N: 89
El resultado es 535.
Tardó: 0.00

frantst19.in
M: 75, N: 94
El resultado es 465.
Tardó: 0.00

frantst1.in
M: 96, N: 76
El resultado es 533.
Tardó: 0.00

frantst20.in
M: 83, N: 1
El resultado es 20.
Tardó: 0.00

frantst2.in
M: 19, N: 20
El resultado es 30.
Tardó: 0.00

frantst3.in
M: 71, N: 45
El resultado es 242.
Tardó: 0.00

frantst4.in
M: 5, N: 68
El resultado es 32.
Tardó: 0.00

frantst5.in
M: 30, N: 2
El resultado es 10.
Tardó: 0.00

frantst6.in
M: 98, N: 20
El resultado es 144.
Tardó: 0.00

frantst7.in
M: 79, N: 53
El resultado es 320.
Tardó: 0.00

frantst8.in
M: 22, N: 33
El resultado es 54.
Tardó: 0.00

frantst9.in
M: 1, N: 10
El resultado es 2.
Tardó: 0.00

solido-10.in
M: 10, N: 10
El resultado es 1.
Tardó: 0.00

stripes-d-10.in
M: 10, N: 10
El resultado es 50.
Tardó: 0.00

stripes-h-10.in
M: 10, N: 10
El resultado es 5.
Tardó: 0.00

stripes-v-10.in
M: 10, N: 10
El resultado es 5.
Tardó: 0.00

sus.in
M: 25, N: 25
El resultado es 16.
Tardó: 0.00

T-80.in
M: 80, N: 100
El resultado es 1.
Tardó: 0.00

T-8.in
M: 8, N: 10
El resultado es 1.
Tardó: 0.00

